UserMailer#welcome_email: processed outbound mail in 0.8ms
UserMailer#welcome_email: processed outbound mail in 1.0ms
  Rendering user_mailer/welcome_email.html.erb within layouts/mailer
  Rendered user_mailer/welcome_email.html.erb within layouts/mailer (2.7ms)
UserMailer#welcome_email: processed outbound mail in 487.7ms
Sent mail to project@test.com (27.5ms)
Date: Sun, 24 Nov 2019 08:53:15 +0100
From: from@example.com
To: project@test.com
Message-ID: <5dda36ebb465a_552e3ff7dd42bfd49078c@MacBook-Pro-Sebastian.local.mail>
Subject: Welcome to My Awesome Site
Mime-Version: 1.0
Content-Type: text/html;
 charset=UTF-8
Content-Transfer-Encoding: 7bit

<!DOCTYPE html>
<html>
  <head>
    <meta http-equiv="Content-Type" content="text/html; charset=utf-8" />
    <style>
      /* Email styles need to be inline */
    </style>
  </head>

  <body>
    <h1>Welcome to example.com, </h1>
  <p>
    You have successfully signed up to example.com,
  </p>
<p>Thanks for joining and have a great day!</p>
  </body>
</html>

